/*C2*/SET SCHEMA PUBLIC
create table account (id bigint not null, available_balance float(53) not null, current_balance float(53) not null, name varchar(255), number varchar(255), type varchar(255), company_id bigint, primary key (id))
create table company (id bigint not null, name varchar(255), primary key (id))
create table person (id bigint not null, first_name varchar(255), last_name varchar(255), middle_name varchar(255), primary key (id))
create sequence account_seq start with 1 increment by 50
create sequence company_seq start with 1 increment by 1
create sequence customer_seq start with 1 increment by 1
alter table account add constraint FKyx9qhair86pc6tnbh322xjg4 foreign key (company_id) references company
DISCONNECT
/*C3*/SET SCHEMA PUBLIC
DISCONNECT
/*C4*/SET SCHEMA PUBLIC
DISCONNECT
/*C5*/SET SCHEMA PUBLIC
DISCONNECT
/*C6*/SET SCHEMA PUBLIC
DISCONNECT
/*C7*/SET SCHEMA PUBLIC
DISCONNECT
/*C8*/SET SCHEMA PUBLIC
DISCONNECT
/*C9*/SET SCHEMA PUBLIC
DISCONNECT
/*C10*/SET SCHEMA PUBLIC
DISCONNECT
/*C11*/SET SCHEMA PUBLIC
DISCONNECT
/*C12*/SET SCHEMA PUBLIC
DISCONNECT
/*C13*/SET SCHEMA PUBLIC
DISCONNECT
/*C14*/SET SCHEMA PUBLIC
DISCONNECT
/*C15*/SET SCHEMA PUBLIC
DISCONNECT
/*C16*/SET SCHEMA PUBLIC
DISCONNECT
/*C17*/SET SCHEMA PUBLIC
DISCONNECT
/*C18*/SET SCHEMA PUBLIC
DISCONNECT
/*C19*/SET SCHEMA PUBLIC
DISCONNECT
/*C20*/SET SCHEMA PUBLIC
DISCONNECT
/*C21*/SET SCHEMA PUBLIC
DISCONNECT
/*C22*/SET SCHEMA PUBLIC
INSERT INTO PERSON VALUES(1,NULL,NULL,NULL)
ALTER SEQUENCE PUBLIC.CUSTOMER_SEQ RESTART WITH 2
COMMIT
DELETE FROM PERSON WHERE ID=1
INSERT INTO PERSON VALUES(1,'a','a','a')
COMMIT
DELETE FROM PERSON WHERE ID=1
INSERT INTO PERSON VALUES(1,'ab','a','a')
COMMIT
INSERT INTO PERSON VALUES(2,NULL,NULL,NULL)
ALTER SEQUENCE PUBLIC.CUSTOMER_SEQ RESTART WITH 3
COMMIT
DELETE FROM PERSON WHERE ID=2
INSERT INTO PERSON VALUES(2,'','','')
COMMIT
INSERT INTO PERSON VALUES(3,NULL,NULL,NULL)
ALTER SEQUENCE PUBLIC.CUSTOMER_SEQ RESTART WITH 4
COMMIT
DELETE FROM PERSON WHERE ID=3
INSERT INTO PERSON VALUES(3,'','','')
COMMIT
INSERT INTO COMPANY VALUES(4,NULL)
ALTER SEQUENCE PUBLIC.CUSTOMER_SEQ RESTART WITH 5
COMMIT
INSERT INTO COMPANY VALUES(5,NULL)
ALTER SEQUENCE PUBLIC.CUSTOMER_SEQ RESTART WITH 6
COMMIT
DELETE FROM COMPANY WHERE ID=5
INSERT INTO COMPANY VALUES(5,'')
COMMIT
